{"level":"info","message":"تم الاتصال بقاعدة البيانات MongoDB","timestamp":"2024-11-02T21:15:13.634Z"}
{"level":"info","message":"تم تسجيل الدخول كـ ArabPast Bot#3173","timestamp":"2024-11-02T21:15:15.325Z"}
{"level":"info","message":"تم إضافة البوت إلى سيرفر جديد: ArabPast Bot Support","timestamp":"2024-11-02T21:47:29.121Z"}
{"error":"Operation `serversettings.deleteOne()` buffering timed out after 10000ms","level":"warn","message":"Retry attempt 1/5","timestamp":"2024-11-02T21:47:31.549Z"}
{"error":"Operation `serversettings.findOneAndUpdate()` buffering timed out after 10000ms","level":"warn","message":"Retry attempt 1/5","timestamp":"2024-11-02T21:47:39.133Z"}
{"error":"Operation `serversettings.deleteOne()` buffering timed out after 10000ms","level":"warn","message":"Retry attempt 2/5","timestamp":"2024-11-02T21:47:42.552Z"}
{"error":"Operation `serversettings.findOneAndUpdate()` buffering timed out after 10000ms","level":"warn","message":"Retry attempt 2/5","timestamp":"2024-11-02T21:47:50.141Z"}
{"error":"Operation `serversettings.deleteOne()` buffering timed out after 10000ms","level":"warn","message":"Retry attempt 3/5","timestamp":"2024-11-02T21:47:54.557Z"}
{"error":"Operation `serversettings.findOneAndUpdate()` buffering timed out after 10000ms","level":"warn","message":"Retry attempt 3/5","timestamp":"2024-11-02T21:48:02.148Z"}
{"error":"Operation `serversettings.deleteOne()` buffering timed out after 10000ms","level":"warn","message":"Retry attempt 4/5","timestamp":"2024-11-02T21:48:08.561Z"}
{"error":"Operation `serversettings.findOneAndUpdate()` buffering timed out after 10000ms","level":"warn","message":"Retry attempt 4/5","timestamp":"2024-11-02T21:48:16.156Z"}
{"critical":false,"level":"error","message":"Error in guild create event for ArabPast Bot Support: Error in guild create event for ArabPast Bot Support:","stack":"MongooseError: Operation `serversettings.findOneAndUpdate()` buffering timed out after 10000ms\n    at Timeout.<anonymous> (/Users/moaath/Documents/Discord-bot/bot-dashboard/node_modules/mongoose/lib/drivers/node-mongodb-native/collection.js:185:23)\n    at listOnTimeout (node:internal/timers:594:17)\n    at process.processTimers (node:internal/timers:529:7)","timestamp":"2024-11-02T21:48:34.167Z"}
{"level":"info","message":"تم الاتصال بقاعدة البيانات MongoDB","timestamp":"2024-11-03T08:03:05.100Z"}
{"level":"info","message":"تم تسجيل الدخول كـ ArabPast Bot#3173","timestamp":"2024-11-03T08:03:07.351Z"}
{"level":"info","message":"تم الاتصال بقاعدة البيانات MongoDB","timestamp":"2024-11-03T10:17:50.182Z"}
{"level":"info","message":"تم تسجيل الدخول كـ ArabPast Bot#3173","timestamp":"2024-11-03T10:17:51.736Z"}
{"level":"info","message":"تم الاتصال بقاعدة البيانات MongoDB","timestamp":"2024-11-03T13:26:17.871Z"}
{"level":"info","message":"تم تسجيل الدخول كـ ArabPast Bot#3173","timestamp":"2024-11-03T13:26:19.467Z"}
{"critical":false,"level":"error","message":"Error creating ticket: Error creating ticket:","stack":"MongoServerError: E11000 duplicate key error collection: test.tickets index: ticketId_1 dup key: { ticketId: \"TICKET-0001\" }\n    at InsertOneOperation.execute (/Users/moaath/Documents/Discord-bot/node_modules/mongoose/node_modules/mongodb/lib/operations/insert.js:51:19)\n    at process.processTicksAndRejections (node:internal/process/task_queues:105:5)\n    at async tryOperation (/Users/moaath/Documents/Discord-bot/node_modules/mongoose/node_modules/mongodb/lib/operations/execute_operation.js:192:20)\n    at async executeOperation (/Users/moaath/Documents/Discord-bot/node_modules/mongoose/node_modules/mongodb/lib/operations/execute_operation.js:69:16)\n    at async Collection.insertOne (/Users/moaath/Documents/Discord-bot/node_modules/mongoose/node_modules/mongodb/lib/collection.js:154:16)","timestamp":"2024-11-03T13:29:31.135Z"}
{"critical":false,"level":"error","message":"Error creating ticket: Error creating ticket:","stack":"MongoServerError: E11000 duplicate key error collection: test.tickets index: ticketId_1 dup key: { ticketId: \"TICKET-0001\" }\n    at InsertOneOperation.execute (/Users/moaath/Documents/Discord-bot/node_modules/mongoose/node_modules/mongodb/lib/operations/insert.js:51:19)\n    at process.processTicksAndRejections (node:internal/process/task_queues:105:5)\n    at async tryOperation (/Users/moaath/Documents/Discord-bot/node_modules/mongoose/node_modules/mongodb/lib/operations/execute_operation.js:192:20)\n    at async executeOperation (/Users/moaath/Documents/Discord-bot/node_modules/mongoose/node_modules/mongodb/lib/operations/execute_operation.js:69:16)\n    at async Collection.insertOne (/Users/moaath/Documents/Discord-bot/node_modules/mongoose/node_modules/mongodb/lib/collection.js:154:16)","timestamp":"2024-11-03T13:31:12.446Z"}
{"level":"info","message":"تم الاتصال بقاعدة البيانات MongoDB","timestamp":"2024-11-03T13:41:40.728Z"}
{"level":"info","message":"تم تسجيل الدخول كـ ArabPast Bot#3173","timestamp":"2024-11-03T13:41:42.557Z"}
{"level":"info","message":"تم الاتصال بقاعدة البيانات MongoDB","timestamp":"2024-11-03T13:54:14.944Z"}
{"level":"info","message":"تم تسجيل الدخول كـ ArabPast Bot#3173","timestamp":"2024-11-03T13:54:16.966Z"}
{"critical":false,"level":"error","message":"Error creating ticket: Error creating ticket:","stack":"MongoServerError: E11000 duplicate key error collection: test.tickets index: ticketId_1 dup key: { ticketId: \"TICKET-0001\" }\n    at InsertOneOperation.execute (/Users/moaath/Documents/Discord-bot/node_modules/mongoose/node_modules/mongodb/lib/operations/insert.js:51:19)\n    at process.processTicksAndRejections (node:internal/process/task_queues:105:5)\n    at async tryOperation (/Users/moaath/Documents/Discord-bot/node_modules/mongoose/node_modules/mongodb/lib/operations/execute_operation.js:192:20)\n    at async executeOperation (/Users/moaath/Documents/Discord-bot/node_modules/mongoose/node_modules/mongodb/lib/operations/execute_operation.js:69:16)\n    at async Collection.insertOne (/Users/moaath/Documents/Discord-bot/node_modules/mongoose/node_modules/mongodb/lib/collection.js:154:16)","timestamp":"2024-11-03T18:41:24.775Z"}
{"critical":false,"level":"error","message":"Error creating ticket: Error creating ticket:","stack":"MongoServerError: E11000 duplicate key error collection: test.tickets index: ticketId_1 dup key: { ticketId: \"TICKET-0001\" }\n    at InsertOneOperation.execute (/Users/moaath/Documents/Discord-bot/node_modules/mongoose/node_modules/mongodb/lib/operations/insert.js:51:19)\n    at process.processTicksAndRejections (node:internal/process/task_queues:105:5)\n    at async tryOperation (/Users/moaath/Documents/Discord-bot/node_modules/mongoose/node_modules/mongodb/lib/operations/execute_operation.js:192:20)\n    at async executeOperation (/Users/moaath/Documents/Discord-bot/node_modules/mongoose/node_modules/mongodb/lib/operations/execute_operation.js:69:16)\n    at async Collection.insertOne (/Users/moaath/Documents/Discord-bot/node_modules/mongoose/node_modules/mongodb/lib/collection.js:154:16)","timestamp":"2024-11-03T18:41:44.485Z"}
{"critical":false,"level":"error","message":"Error creating ticket: Error creating ticket:","stack":"MongoServerError: E11000 duplicate key error collection: test.tickets index: ticketId_1 dup key: { ticketId: \"TICKET-0001\" }\n    at InsertOneOperation.execute (/Users/moaath/Documents/Discord-bot/node_modules/mongoose/node_modules/mongodb/lib/operations/insert.js:51:19)\n    at process.processTicksAndRejections (node:internal/process/task_queues:105:5)\n    at async tryOperation (/Users/moaath/Documents/Discord-bot/node_modules/mongoose/node_modules/mongodb/lib/operations/execute_operation.js:192:20)\n    at async executeOperation (/Users/moaath/Documents/Discord-bot/node_modules/mongoose/node_modules/mongodb/lib/operations/execute_operation.js:69:16)\n    at async Collection.insertOne (/Users/moaath/Documents/Discord-bot/node_modules/mongoose/node_modules/mongodb/lib/collection.js:154:16)","timestamp":"2024-11-03T18:41:47.934Z"}
{"critical":false,"level":"error","message":"Error creating ticket: Error creating ticket:","stack":"MongoServerError: E11000 duplicate key error collection: test.tickets index: ticketId_1 dup key: { ticketId: \"TICKET-0001\" }\n    at InsertOneOperation.execute (/Users/moaath/Documents/Discord-bot/node_modules/mongoose/node_modules/mongodb/lib/operations/insert.js:51:19)\n    at process.processTicksAndRejections (node:internal/process/task_queues:105:5)\n    at async tryOperation (/Users/moaath/Documents/Discord-bot/node_modules/mongoose/node_modules/mongodb/lib/operations/execute_operation.js:192:20)\n    at async executeOperation (/Users/moaath/Documents/Discord-bot/node_modules/mongoose/node_modules/mongodb/lib/operations/execute_operation.js:69:16)\n    at async Collection.insertOne (/Users/moaath/Documents/Discord-bot/node_modules/mongoose/node_modules/mongodb/lib/collection.js:154:16)","timestamp":"2024-11-03T18:41:51.266Z"}
{"level":"info","message":"تم الاتصال بقاعدة البيانات MongoDB","timestamp":"2024-11-03T19:03:00.554Z"}
{"level":"info","message":"تم تسجيل الدخول كـ ArabPast Bot#3173","timestamp":"2024-11-03T19:03:01.669Z"}
{"level":"info","message":"تم الاتصال بقاعدة البيانات MongoDB","timestamp":"2024-11-03T19:11:53.030Z"}
{"level":"info","message":"تم تسجيل الدخول كـ ArabPast Bot#3173","timestamp":"2024-11-03T19:11:54.597Z"}
{"level":"info","message":"تم الاتصال بقاعدة البيانات MongoDB","timestamp":"2024-11-03T19:45:56.502Z"}
{"level":"info","message":"تم تسجيل الدخول كـ ArabPast Bot#3173","timestamp":"2024-11-03T19:45:58.456Z"}
{"level":"info","message":"Starting automatic check-out...","timestamp":"2024-11-03T20:58:00.047Z"}
{"level":"info","message":"Starting daily attendance report...","timestamp":"2024-11-03T20:59:00.143Z"}
